<?xml version="1.0" encoding="UTF-8"?>
<!-- Generated by org.testng.reporters.JUnitXMLReporter -->
<testsuite ignored="4" hostname="DESKTOP-6LNL8LB" failures="0" tests="1" name="Parameter" time="3.982" errors="0" timestamp="2024-11-29T12:27:32 IST">
  <testcase classname="testscript.LoginPageTest7r" name="verifyUserIsAbleToLoginInValidUsername" time="0.98"/>
  <testcase classname="testscript.LoginPageTest7r" name="verifyUserIsAbleToLoginInValidCredentials" time="0.0">
    <ignored/>
  </testcase> <!-- verifyUserIsAbleToLoginInValidCredentials -->
  <testcase classname="testscript.Base7r" name="beforeMethod" time="0.0">
    <ignored/>
  </testcase> <!-- beforeMethod -->
  <testcase classname="testscript.LoginPageTest7r" name="verifyUserIsAbleToLoginInValidPassword" time="0.0">
    <ignored/>
  </testcase> <!-- verifyUserIsAbleToLoginInValidPassword -->
  <testcase classname="testscript.LoginPageTest7r" name="verifyUserIsAbleToLoginValidCredentials" time="0.0">
    <ignored/>
  </testcase> <!-- verifyUserIsAbleToLoginValidCredentials -->
</testsuite> <!-- Parameter -->
